<?xml version="1.0" encoding="UTF-8"?>
<testsuite name="Cucumber" time="0.194" tests="1" skipped="0" failures="0" errors="0">
<testcase classname="feature to create login functionality" name="check login is successful with valid login credentials" time="0.022">
<system-out><![CDATA[
Given user is on login page.................................................passed
When user enters username and password......................................passed
And user clicks on login button.............................................passed
Then user is navigated to the home page.....................................passed
]]></system-out>
</testcase>
</testsuite>
